<?xml version="1.0" encoding="UTF-8"?>
<!-- Generated by org.testng.reporters.JUnitXMLReporter -->
<testsuite ignored="0" hostname="DESKTOP-45HEKQS" failures="0" tests="11" name="Test" time="128.793" errors="0" timestamp="2022-10-06T12:03:45 IST">
  <testcase classname="com.saucedemo.testclasses.CheckoutFunctionlity" name="CheckoutFunctionality" time="0.531"/>
  <testcase classname="com.saucedemo.testclasses.Loginfunctionality" name="LogoutFunctionlity" time="15.574"/>
  <testcase classname="com.saucedemo.testclasses.VerifyFilter" name="VerifyFilter" time="23.122"/>
  <testcase classname="com.saucedemo.testclasses.VerifyAllproduct" name="VerifyAllproduct" time="21.697"/>
  <testcase classname="com.saucedemo.testclasses.AddToCart" name="AddToCart" time="27.061"/>
  <testcase classname="com.saucedemo.testclasses.Loginfunctionality" name="LogoutFunctionlity" time="10.296"/>
  <testcase classname="com.saucedemo.testclasses.VerifyAllproduct" name="VerifyAllproduct" time="11.364"/>
  <testcase classname="com.saucedemo.testclasses.AddToCart" name="AddToCart" time="1.573"/>
  <testcase classname="com.saucedemo.testclasses.Loginfunctionality" name="LogoutFunctionlity" time="0.244"/>
  <testcase classname="com.saucedemo.testclasses.Loginfunctionality" name="LoginFunctionality" time="0.009"/>
  <testcase classname="com.saucedemo.testclasses.Loginfunctionality" name="LoginFunctionality" time="0.007"/>
</testsuite> <!-- Test -->
