<?xml version="1.0" encoding="UTF-8"?>
<!-- Generated by org.testng.reporters.JUnitXMLReporter -->
<testsuite ignored="0" hostname="DESKTOP-45HEKQS" failures="0" tests="11" name="chrometest" time="326.763" errors="0" timestamp="2022-10-08T12:11:21 IST">
  <testcase classname="com.saucedemo.testclasses.CheckoutFunctionlity" name="CheckoutFunctionality" time="0.848"/>
  <testcase classname="com.saucedemo.testclasses.Loginfunctionality" name="LogoutFunctionlity" time="0.8"/>
  <testcase classname="com.saucedemo.testclasses.Loginfunctionality" name="LogoutFunctionlity" time="0.432"/>
  <testcase classname="com.saucedemo.testclasses.Loginfunctionality" name="LogoutFunctionlity" time="0.53"/>
  <testcase classname="com.saucedemo.testclasses.Loginfunctionality" name="LoginFunctionality" time="0.15"/>
  <testcase classname="com.saucedemo.testclasses.Loginfunctionality" name="LoginFunctionality" time="0.014"/>
  <testcase classname="com.saucedemo.testclasses.AddToCart" name="AddToCart" time="0.492"/>
  <testcase classname="com.saucedemo.testclasses.AddToCart" name="AddToCart" time="0.526"/>
  <testcase classname="com.saucedemo.testclasses.VerifyAllproduct" name="VerifyAllproduct" time="1.635"/>
  <testcase classname="com.saucedemo.testclasses.VerifyAllproduct" name="VerifyAllproduct" time="1.5"/>
  <testcase classname="com.saucedemo.testclasses.VerifyFilter" name="VerifyFilter" time="0.792"/>
</testsuite> <!-- chrometest -->
