<?xml version="1.0" encoding="UTF-8"?>
<!-- Generated by org.testng.reporters.JUnitXMLReporter -->
<testsuite ignored="0" hostname="DESKTOP-45HEKQS" failures="0" tests="8" name="HighPriorityTest" time="103.647" errors="0" timestamp="2022-10-06T12:39:02 IST">
  <testcase classname="com.saucedemo.testclasses.Loginfunctionality" name="LogoutFunctionlity" time="3.832"/>
  <testcase classname="com.saucedemo.testclasses.AddToCart" name="AddToCart" time="0.769"/>
  <testcase classname="com.saucedemo.testclasses.CheckoutFunctionlity" name="CheckoutFunctionality" time="12.223"/>
  <testcase classname="com.saucedemo.testclasses.Loginfunctionality" name="LogoutFunctionlity" time="0.33"/>
  <testcase classname="com.saucedemo.testclasses.AddToCart" name="AddToCart" time="1.7"/>
  <testcase classname="com.saucedemo.testclasses.Loginfunctionality" name="LogoutFunctionlity" time="0.578"/>
  <testcase classname="com.saucedemo.testclasses.Loginfunctionality" name="LoginFunctionality" time="0.008"/>
  <testcase classname="com.saucedemo.testclasses.Loginfunctionality" name="LoginFunctionality" time="0.009"/>
</testsuite> <!-- HighPriorityTest -->
