<?xml version="1.0" encoding="UTF-8"?>
<!-- Generated by org.testng.reporters.JUnitXMLReporter -->
<testsuite ignored="0" hostname="DESKTOP-45HEKQS" failures="0" tests="3" name="LowPriorityTest" time="0.42" errors="0" timestamp="2022-10-07T11:41:46 IST">
  <testcase classname="com.saucedemo.testclasses.TESTBASEClASS" name="@BeforeMethod setUp" time="-1.665123105634E9">
    <failure type="org.testng.TestNGException" message="
Can inject only one of &amp;lt;ITestContext, XmlTest, Method, Object[], ITestResult&amp;gt; into a @BeforeMethod annotated setUp.
For more information on native dependency injection please refer to https://testng.org/doc/documentation-main.html#native-dependency-injection">
      <![CDATA[org.testng.TestNGException: 
Can inject only one of <ITestContext, XmlTest, Method, Object[], ITestResult> into a @BeforeMethod annotated setUp.
For more information on native dependency injection please refer to https://testng.org/doc/documentation-main.html#native-dependency-injection
at java.base/java.util.concurrent.ThreadPoolExecutor.runWorker(ThreadPoolExecutor.java:1136)
at java.base/java.util.concurrent.ThreadPoolExecutor$Worker.run(ThreadPoolExecutor.java:635)
at java.base/java.lang.Thread.run(Thread.java:833)
... Removed 13 stack frames]]>
    </failure>
  </testcase> <!-- @BeforeMethod setUp -->
  <testcase classname="com.saucedemo.testclasses.TESTBASEClASS" name="@AfterMethod tearDown" time="-1.665123105949E9">
    <skipped/>
  </testcase> <!-- @AfterMethod tearDown -->
  <testcase classname="com.saucedemo.testclasses.TESTBASEClASS" name="@BeforeMethod setUp" time="-1.665123105982E9">
    <failure type="org.testng.TestNGException" message="
Can inject only one of &amp;lt;ITestContext, XmlTest, Method, Object[], ITestResult&amp;gt; into a @BeforeMethod annotated setUp.
For more information on native dependency injection please refer to https://testng.org/doc/documentation-main.html#native-dependency-injection">
      <![CDATA[org.testng.TestNGException: 
Can inject only one of <ITestContext, XmlTest, Method, Object[], ITestResult> into a @BeforeMethod annotated setUp.
For more information on native dependency injection please refer to https://testng.org/doc/documentation-main.html#native-dependency-injection
at java.base/java.util.concurrent.ThreadPoolExecutor.runWorker(ThreadPoolExecutor.java:1136)
at java.base/java.util.concurrent.ThreadPoolExecutor$Worker.run(ThreadPoolExecutor.java:635)
at java.base/java.lang.Thread.run(Thread.java:833)
... Removed 13 stack frames]]>
    </failure>
  </testcase> <!-- @BeforeMethod setUp -->
  <testcase classname="com.saucedemo.testclasses.TESTBASEClASS" name="@AfterMethod tearDown" time="-1.665123106017E9">
    <skipped/>
  </testcase> <!-- @AfterMethod tearDown -->
  <testcase classname="com.saucedemo.testclasses.TESTBASEClASS" name="@BeforeMethod setUp" time="-1.665123106025E9">
    <skipped/>
  </testcase> <!-- @BeforeMethod setUp -->
  <testcase classname="com.saucedemo.testclasses.TESTBASEClASS" name="@AfterMethod tearDown" time="-1.665123106044E9">
    <skipped/>
  </testcase> <!-- @AfterMethod tearDown -->
  <testcase classname="com.saucedemo.testclasses.VerifyFilter" name="VerifyFilter" time="0.0">
    <skipped/>
  </testcase> <!-- VerifyFilter -->
  <testcase classname="com.saucedemo.testclasses.VerifyAllproduct" name="VerifyAllproduct" time="0.0">
    <skipped/>
  </testcase> <!-- VerifyAllproduct -->
  <testcase classname="com.saucedemo.testclasses.VerifyAllproduct" name="VerifyAllproduct" time="0.0">
    <skipped/>
  </testcase> <!-- VerifyAllproduct -->
</testsuite> <!-- LowPriorityTest -->
